# JRE version: OpenJDK Runtime Environment (11.0.12+7) (build 11.0.12+7-b1504.28-7817840)
# Java VM: OpenJDK 64-Bit Server VM (11.0.12+7-b1504.28-7817840, mixed mode, tiered, compressed oops, g1 gc, windows-amd64)
Heap:
 garbage-first heap   total 419840K, used 162171K [0x0000000080000000, 0x0000000100000000)
  region size 1024K, 12 young (12288K), 12 survivors (12288K)
 Metaspace       used 104284K, capacity 107234K, committed 107692K, reserved 1142784K
  class space    used 13435K, capacity 14540K, committed 14848K, reserved 1048576K
GC Heap History (20 events):
Event: 18.118 GC heap after
{Heap after GC invocations=33 (full 0):
 garbage-first heap   total 288768K, used 151134K [0x0000000080000000, 0x0000000100000000)
  region size 1024K, 6 young (6144K), 6 survivors (6144K)
 Metaspace       used 102852K, capacity 105747K, committed 106412K, reserved 1140736K
  class space    used 13416K, capacity 14511K, committed 14848K, reserved 1048576K
}
Event: 18.605 GC heap before
{Heap before GC invocations=34 (full 0):
 garbage-first heap   total 288768K, used 225886K [0x0000000080000000, 0x0000000100000000)
  region size 1024K, 79 young (80896K), 6 survivors (6144K)
 Metaspace       used 103011K, capacity 105899K, committed 106668K, reserved 1140736K
  class space    used 13409K, capacity 14494K, committed 14848K, reserved 1048576K
}
Event: 18.619 GC heap after
{Heap after GC invocations=35 (full 0):
 garbage-first heap   total 288768K, used 151697K [0x0000000080000000, 0x0000000100000000)
  region size 1024K, 6 young (6144K), 6 survivors (6144K)
 Metaspace       used 103011K, capacity 105899K, committed 106668K, reserved 1140736K
  class space    used 13409K, capacity 14494K, committed 14848K, reserved 1048576K
}
Event: 18.955 GC heap before
{Heap before GC invocations=35 (full 0):
 garbage-first heap   total 288768K, used 229521K [0x0000000080000000, 0x0000000100000000)
  region size 1024K, 82 young (83968K), 6 survivors (6144K)
 Metaspace       used 103242K, capacity 106100K, committed 106924K, reserved 1140736K
  class space    used 13410K, capacity 14494K, committed 14848K, reserved 1048576K
}
Event: 18.967 GC heap after
{Heap after GC invocations=36 (full 0):
 garbage-first heap   total 349184K, used 153165K [0x0000000080000000, 0x0000000100000000)
  region size 1024K, 5 young (5120K), 5 survivors (5120K)
 Metaspace       used 103242K, capacity 106100K, committed 106924K, reserved 1140736K
  class space    used 13410K, capacity 14494K, committed 14848K, reserved 1048576K
}
Event: 19.572 GC heap before
{Heap before GC invocations=37 (full 0):
 garbage-first heap   total 349184K, used 257613K [0x0000000080000000, 0x0000000100000000)
  region size 1024K, 107 young (109568K), 5 survivors (5120K)
 Metaspace       used 103663K, capacity 106615K, committed 107180K, reserved 1142784K
  class space    used 13424K, capacity 14529K, committed 14848K, reserved 1048576K
}
Event: 19.581 GC heap after
{Heap after GC invocations=38 (full 0):
 garbage-first heap   total 349184K, used 154166K [0x0000000080000000, 0x0000000100000000)
  region size 1024K, 6 young (6144K), 6 survivors (6144K)
 Metaspace       used 103663K, capacity 106615K, committed 107180K, reserved 1142784K
  class space    used 13424K, capacity 14529K, committed 14848K, reserved 1048576K
}
Event: 19.953 GC heap before
{Heap before GC invocations=38 (full 0):
 garbage-first heap   total 349184K, used 285238K [0x0000000080000000, 0x0000000100000000)
  region size 1024K, 134 young (137216K), 6 survivors (6144K)
 Metaspace       used 103811K, capacity 106771K, committed 107436K, reserved 1142784K
  class space    used 13431K, capacity 14533K, committed 14848K, reserved 1048576K
}
Event: 19.961 GC heap after
{Heap after GC invocations=39 (full 0):
 garbage-first heap   total 349184K, used 155781K [0x0000000080000000, 0x0000000100000000)
  region size 1024K, 7 young (7168K), 7 survivors (7168K)
 Metaspace       used 103811K, capacity 106771K, committed 107436K, reserved 1142784K
  class space    used 13431K, capacity 14533K, committed 14848K, reserved 1048576K
}
Event: 20.322 GC heap before
{Heap before GC invocations=39 (full 0):
 garbage-first heap   total 349184K, used 291973K [0x0000000080000000, 0x0000000100000000)
  region size 1024K, 140 young (143360K), 7 survivors (7168K)
 Metaspace       used 103890K, capacity 106839K, committed 107436K, reserved 1142784K
  class space    used 13431K, capacity 14533K, committed 14848K, reserved 1048576K
}
Event: 20.334 GC heap after
{Heap after GC invocations=40 (full 0):
 garbage-first heap   total 349184K, used 157096K [0x0000000080000000, 0x0000000100000000)
  region size 1024K, 8 young (8192K), 8 survivors (8192K)
 Metaspace       used 103890K, capacity 106839K, committed 107436K, reserved 1142784K
  class space    used 13431K, capacity 14533K, committed 14848K, reserved 1048576K
}
Event: 20.688 GC heap before
{Heap before GC invocations=40 (full 0):
 garbage-first heap   total 349184K, used 294312K [0x0000000080000000, 0x0000000100000000)
  region size 1024K, 142 young (145408K), 8 survivors (8192K)
 Metaspace       used 103927K, capacity 106841K, committed 107436K, reserved 1142784K
  class space    used 13431K, capacity 14533K, committed 14848K, reserved 1048576K
}
Event: 20.699 GC heap after
{Heap after GC invocations=41 (full 0):
 garbage-first heap   total 349184K, used 158520K [0x0000000080000000, 0x0000000100000000)
  region size 1024K, 10 young (10240K), 10 survivors (10240K)
 Metaspace       used 103927K, capacity 106841K, committed 107436K, reserved 1142784K
  class space    used 13431K, capacity 14533K, committed 14848K, reserved 1048576K
}
Event: 21.097 GC heap before
{Heap before GC invocations=41 (full 0):
 garbage-first heap   total 349184K, used 296760K [0x0000000080000000, 0x0000000100000000)
  region size 1024K, 144 young (147456K), 10 survivors (10240K)
 Metaspace       used 104224K, capacity 107166K, committed 107692K, reserved 1142784K
  class space    used 13435K, capacity 14539K, committed 14848K, reserved 1048576K
}
Event: 21.107 GC heap after
{Heap after GC invocations=42 (full 0):
 garbage-first heap   total 349184K, used 158021K [0x0000000080000000, 0x0000000100000000)
  region size 1024K, 9 young (9216K), 9 survivors (9216K)
 Metaspace       used 104224K, capacity 107166K, committed 107692K, reserved 1142784K
  class space    used 13435K, capacity 14539K, committed 14848K, reserved 1048576K
}
Event: 21.799 GC heap before
{Heap before GC invocations=42 (full 0):
 garbage-first heap   total 349184K, used 297285K [0x0000000080000000, 0x0000000100000000)
  region size 1024K, 145 young (148480K), 9 survivors (9216K)
 Metaspace       used 104254K, capacity 107167K, committed 107692K, reserved 1142784K
  class space    used 13435K, capacity 14539K, committed 14848K, reserved 1048576K
}
Event: 21.812 GC heap after
{Heap after GC invocations=43 (full 0):
 garbage-first heap   total 349184K, used 159927K [0x0000000080000000, 0x0000000100000000)
  region size 1024K, 11 young (11264K), 11 survivors (11264K)
 Metaspace       used 104254K, capacity 107167K, committed 107692K, reserved 1142784K
  class space    used 13435K, capacity 14539K, committed 14848K, reserved 1048576K
}
Event: 22.524 GC heap before
{Heap before GC invocations=43 (full 0):
 garbage-first heap   total 349184K, used 299191K [0x0000000080000000, 0x0000000100000000)
  region size 1024K, 147 young (150528K), 11 survivors (11264K)
 Metaspace       used 104268K, capacity 107170K, committed 107692K, reserved 1142784K
  class space    used 13435K, capacity 14540K, committed 14848K, reserved 1048576K
}
Event: 22.542 GC heap after
{Heap after GC invocations=44 (full 0):
 garbage-first heap   total 349184K, used 160896K [0x0000000080000000, 0x0000000100000000)
  region size 1024K, 11 young (11264K), 11 survivors (11264K)
 Metaspace       used 104268K, capacity 107170K, committed 107692K, reserved 1142784K
  class space    used 13435K, capacity 14540K, committed 14848K, reserved 1048576K
}
Event: 23.215 GC heap before
{Heap before GC invocations=44 (full 0):
 garbage-first heap   total 349184K, used 300160K [0x0000000080000000, 0x0000000100000000)
  region size 1024K, 147 young (150528K), 11 survivors (11264K)
 Metaspace       used 104284K, capacity 107234K, committed 107692K, reserved 1142784K
  class space    used 13435K, capacity 14540K, committed 14848K, reserved 1048576K
}

