# JRE version: OpenJDK Runtime Environment (11.0.12+7) (build 11.0.12+7-b1504.28-7817840)
# Java VM: OpenJDK 64-Bit Server VM (11.0.12+7-b1504.28-7817840, mixed mode, tiered, compressed oops, g1 gc, windows-amd64)
Heap:
 garbage-first heap   total 131072K, used 78771K [0x0000000080000000, 0x0000000100000000)
  region size 1024K, 15 young (15360K), 6 survivors (6144K)
 Metaspace       used 81919K, capacity 84278K, committed 84352K, reserved 1122304K
  class space    used 10805K, capacity 11615K, committed 11648K, reserved 1048576K
GC Heap History (20 events):
Event: 15.238 GC heap before
{Heap before GC invocations=8 (full 0):
 garbage-first heap   total 131072K, used 95374K [0x0000000080000000, 0x0000000100000000)
  region size 1024K, 74 young (75776K), 9 survivors (9216K)
 Metaspace       used 46187K, capacity 47386K, committed 47616K, reserved 1091584K
  class space    used 5942K, capacity 6330K, committed 6400K, reserved 1048576K
}
Event: 15.250 GC heap after
{Heap after GC invocations=9 (full 0):
 garbage-first heap   total 131072K, used 30263K [0x0000000080000000, 0x0000000100000000)
  region size 1024K, 4 young (4096K), 4 survivors (4096K)
 Metaspace       used 46187K, capacity 47386K, committed 47616K, reserved 1091584K
  class space    used 5942K, capacity 6330K, committed 6400K, reserved 1048576K
}
Event: 18.057 GC heap before
{Heap before GC invocations=9 (full 0):
 garbage-first heap   total 131072K, used 100919K [0x0000000080000000, 0x0000000100000000)
  region size 1024K, 70 young (71680K), 4 survivors (4096K)
 Metaspace       used 48766K, capacity 50086K, committed 50304K, reserved 1093632K
  class space    used 6244K, capacity 6690K, committed 6784K, reserved 1048576K
}
Event: 18.068 GC heap after
{Heap after GC invocations=10 (full 0):
 garbage-first heap   total 131072K, used 44512K [0x0000000080000000, 0x0000000100000000)
  region size 1024K, 9 young (9216K), 9 survivors (9216K)
 Metaspace       used 48766K, capacity 50086K, committed 50304K, reserved 1093632K
  class space    used 6244K, capacity 6690K, committed 6784K, reserved 1048576K
}
Event: 19.237 GC heap before
{Heap before GC invocations=10 (full 0):
 garbage-first heap   total 131072K, used 97760K [0x0000000080000000, 0x0000000100000000)
  region size 1024K, 61 young (62464K), 9 survivors (9216K)
 Metaspace       used 55644K, capacity 57193K, committed 57344K, reserved 1099776K
  class space    used 7093K, capacity 7598K, committed 7680K, reserved 1048576K
}
Event: 19.246 GC heap after
{Heap after GC invocations=11 (full 0):
 garbage-first heap   total 131072K, used 47262K [0x0000000080000000, 0x0000000100000000)
  region size 1024K, 3 young (3072K), 3 survivors (3072K)
 Metaspace       used 55644K, capacity 57193K, committed 57344K, reserved 1099776K
  class space    used 7093K, capacity 7598K, committed 7680K, reserved 1048576K
}
Event: 19.705 GC heap before
{Heap before GC invocations=11 (full 0):
 garbage-first heap   total 131072K, used 65694K [0x0000000080000000, 0x0000000100000000)
  region size 1024K, 22 young (22528K), 3 survivors (3072K)
 Metaspace       used 58238K, capacity 59761K, committed 59948K, reserved 1101824K
  class space    used 7431K, capacity 7959K, committed 8064K, reserved 1048576K
}
Event: 19.711 GC heap after
{Heap after GC invocations=12 (full 0):
 garbage-first heap   total 131072K, used 47533K [0x0000000080000000, 0x0000000100000000)
  region size 1024K, 3 young (3072K), 3 survivors (3072K)
 Metaspace       used 58238K, capacity 59761K, committed 59948K, reserved 1101824K
  class space    used 7431K, capacity 7959K, committed 8064K, reserved 1048576K
}
Event: 20.573 GC heap before
{Heap before GC invocations=13 (full 0):
 garbage-first heap   total 131072K, used 97709K [0x0000000080000000, 0x0000000100000000)
  region size 1024K, 53 young (54272K), 3 survivors (3072K)
 Metaspace       used 63397K, capacity 64998K, committed 65280K, reserved 1105920K
  class space    used 8056K, capacity 8590K, committed 8704K, reserved 1048576K
}
Event: 20.587 GC heap after
{Heap after GC invocations=14 (full 0):
 garbage-first heap   total 131072K, used 51912K [0x0000000080000000, 0x0000000100000000)
  region size 1024K, 7 young (7168K), 7 survivors (7168K)
 Metaspace       used 63397K, capacity 64998K, committed 65280K, reserved 1105920K
  class space    used 8056K, capacity 8590K, committed 8704K, reserved 1048576K
}
Event: 21.241 GC heap before
{Heap before GC invocations=15 (full 0):
 garbage-first heap   total 131072K, used 101064K [0x0000000080000000, 0x0000000100000000)
  region size 1024K, 54 young (55296K), 7 survivors (7168K)
 Metaspace       used 65326K, capacity 67017K, committed 67072K, reserved 1107968K
  class space    used 8343K, capacity 8936K, committed 8960K, reserved 1048576K
}
Event: 21.249 GC heap after
{Heap after GC invocations=16 (full 0):
 garbage-first heap   total 131072K, used 55356K [0x0000000080000000, 0x0000000100000000)
  region size 1024K, 4 young (4096K), 4 survivors (4096K)
 Metaspace       used 65326K, capacity 67017K, committed 67072K, reserved 1107968K
  class space    used 8343K, capacity 8936K, committed 8960K, reserved 1048576K
}
Event: 21.870 GC heap before
{Heap before GC invocations=16 (full 0):
 garbage-first heap   total 131072K, used 102460K [0x0000000080000000, 0x0000000100000000)
  region size 1024K, 50 young (51200K), 4 survivors (4096K)
 Metaspace       used 69682K, capacity 71337K, committed 71424K, reserved 1112064K
  class space    used 9089K, capacity 9690K, committed 9728K, reserved 1048576K
}
Event: 21.876 GC heap after
{Heap after GC invocations=17 (full 0):
 garbage-first heap   total 131072K, used 58175K [0x0000000080000000, 0x0000000100000000)
  region size 1024K, 7 young (7168K), 7 survivors (7168K)
 Metaspace       used 69682K, capacity 71337K, committed 71424K, reserved 1112064K
  class space    used 9089K, capacity 9690K, committed 9728K, reserved 1048576K
}
Event: 22.617 GC heap before
{Heap before GC invocations=17 (full 0):
 garbage-first heap   total 131072K, used 104255K [0x0000000080000000, 0x0000000100000000)
  region size 1024K, 52 young (53248K), 7 survivors (7168K)
 Metaspace       used 73417K, capacity 75273K, committed 75392K, reserved 1114112K
  class space    used 9599K, capacity 10252K, committed 10368K, reserved 1048576K
}
Event: 22.627 GC heap after
{Heap after GC invocations=18 (full 0):
 garbage-first heap   total 131072K, used 61222K [0x0000000080000000, 0x0000000100000000)
  region size 1024K, 6 young (6144K), 6 survivors (6144K)
 Metaspace       used 73417K, capacity 75273K, committed 75392K, reserved 1114112K
  class space    used 9599K, capacity 10252K, committed 10368K, reserved 1048576K
}
Event: 23.599 GC heap before
{Heap before GC invocations=18 (full 0):
 garbage-first heap   total 131072K, used 106278K [0x0000000080000000, 0x0000000100000000)
  region size 1024K, 50 young (51200K), 6 survivors (6144K)
 Metaspace       used 78508K, capacity 80392K, committed 80640K, reserved 1118208K
  class space    used 10280K, capacity 10961K, committed 11008K, reserved 1048576K
}
Event: 23.607 GC heap after
{Heap after GC invocations=19 (full 0):
 garbage-first heap   total 131072K, used 64317K [0x0000000080000000, 0x0000000100000000)
  region size 1024K, 6 young (6144K), 6 survivors (6144K)
 Metaspace       used 78508K, capacity 80392K, committed 80640K, reserved 1118208K
  class space    used 10280K, capacity 10961K, committed 11008K, reserved 1048576K
}
Event: 24.763 GC heap before
{Heap before GC invocations=19 (full 0):
 garbage-first heap   total 131072K, used 106301K [0x0000000080000000, 0x0000000100000000)
  region size 1024K, 48 young (49152K), 6 survivors (6144K)
 Metaspace       used 81416K, capacity 83631K, committed 83712K, reserved 1122304K
  class space    used 10749K, capacity 11505K, committed 11520K, reserved 1048576K
}
Event: 24.773 GC heap after
{Heap after GC invocations=20 (full 0):
 garbage-first heap   total 131072K, used 67451K [0x0000000080000000, 0x0000000100000000)
  region size 1024K, 6 young (6144K), 6 survivors (6144K)
 Metaspace       used 81416K, capacity 83631K, committed 83712K, reserved 1122304K
  class space    used 10749K, capacity 11505K, committed 11520K, reserved 1048576K
}

